<?xml version="1.0" encoding="UTF-8"?>
<!-- Generated by org.testng.reporters.JUnitReportReporter -->
<testsuite skipped="0" hostname="DIN35004190" name="com.pages.DemoTest1" tests="1" failures="0" timestamp="05 Mar 2019 11:05:30 GMT" time="13.501" errors="0">
  <testcase name="test1" time="13.501" classname="com.pages.DemoTest1"/>
</testsuite> <!-- com.pages.DemoTest1 -->
