<?xml version="1.0" encoding="UTF-8"?>
<!-- Generated by org.testng.reporters.JUnitReportReporter -->
<testsuite skipped="0" hostname="DIN35004190" name="com.pages.DemoTest1" tests="1" failures="0" timestamp="28 Jan 2019 14:05:38 GMT" time="7.197" errors="0">
  <testcase name="test1" time="7.197" classname="com.pages.DemoTest1"/>
</testsuite> <!-- com.pages.DemoTest1 -->
