<?xml version="1.0" encoding="UTF-8"?>
<!-- Generated by org.testng.reporters.JUnitReportReporter -->
<testsuite skipped="0" hostname="DIN35004190" name="com.tests.DemoTest1" tests="1" failures="0" timestamp="05 Mar 2019 11:07:27 GMT" time="10.740" errors="0">
  <testcase name="test1" time="10.740" classname="com.tests.DemoTest1"/>
</testsuite> <!-- com.tests.DemoTest1 -->
