<?xml version="1.0" encoding="UTF-8"?>
<!-- Generated by org.testng.reporters.JUnitReportReporter -->
<testsuite skipped="0" hostname="DIN35004190" name="com.tests.DemoTest1" tests="1" failures="0" timestamp="05 Mar 2019 08:47:09 GMT" time="14.713" errors="0">
  <testcase name="test1" time="14.713" classname="com.tests.DemoTest1"/>
</testsuite> <!-- com.tests.DemoTest1 -->
